<?xml version="1.0" encoding="UTF-8"?>
<Site BuildName="(empty)"
	BuildStamp="20241010-0037-Experimental"
	Name="williamhardee-XPS-15-9530"
	Generator="ctest-3.22.1"
	CompilerName="/usr/bin/g++"
	CompilerVersion="11.4.0"
	OSName="Linux"
	Hostname="williamhardee-XPS-15-9530"
	OSRelease="6.8.0-40-generic"
	OSVersion="#40~22.04.3-Ubuntu SMP PREEMPT_DYNAMIC Tue Jul 30 17:30:19 UTC 2"
	OSPlatform="x86_64"
	Is64Bits="1"
	VendorString="GenuineIntel"
	VendorID="Intel Corporation"
	FamilyID="6"
	ModelID="186"
	ProcessorCacheSize="24576"
	NumberOfLogicalCPU="16"
	NumberOfPhysicalCPU="10"
	TotalVirtualMemory="2047"
	TotalPhysicalMemory="31766"
	LogicalProcessorsPerPhysical="1"
	ProcessorClockFrequency="4700"
	>
	<Testing>
		<StartDateTime>Oct 09 19:42 MDT</StartDateTime>
		<StartTestTime>1728524562</StartTestTime>
		<TestList/>
		<EndDateTime>Oct 09 19:42 MDT</EndDateTime>
		<EndTestTime>1728524562</EndTestTime>
		<ElapsedMinutes>0</ElapsedMinutes>
	</Testing>
</Site>
